
   INFO  No scheduled commands are ready to run.  


   INFO  No scheduled commands are ready to run.  


   INFO  No scheduled commands are ready to run.  


   INFO  No scheduled commands are ready to run.  


  2025-03-12 20:00:01 Running ['artisan' inspire] .............. 234.52ms DONE
  ⇂ '/usr/bin/php8.3' 'artisan' inspire > '/dev/null' 2>&1  


   INFO  No scheduled commands are ready to run.  


   INFO  No scheduled commands are ready to run.  


   INFO  No scheduled commands are ready to run.  


   INFO  No scheduled commands are ready to run.  


   INFO  No scheduled commands are ready to run.  


   INFO  No scheduled commands are ready to run.  


   INFO  No scheduled commands are ready to run.  


   INFO  No scheduled commands are ready to run.  


   INFO  No scheduled commands are ready to run.  


   INFO  No scheduled commands are ready to run.  


   INFO  No scheduled commands are ready to run.  


  2025-03-12 20:12:01 Running ['artisan' mercado_livre_token:refresh]  719.99ms DONE
  ⇂ '/usr/bin/php8.3' 'artisan' mercado_livre_token:refresh > '/dev/null' 2>&1  


  2025-03-12 20:13:01 Running ['artisan' mercado_livre_token:refresh]  617.18ms DONE
  ⇂ '/usr/bin/php8.3' 'artisan' mercado_livre_token:refresh > '/dev/null' 2>&1  


  2025-03-12 20:14:01 Running ['artisan' mercado_livre_token:refresh]  674.66ms DONE
  ⇂ '/usr/bin/php8.3' 'artisan' mercado_livre_token:refresh > '/dev/null' 2>&1  

